[Fri May 12 13:25:43.196682 2023] [mpm_event:notice] [pid 15481:tid 140704573502656] AH00489: Apache/2.4.43 (Unix) configured -- resuming normal operations
[Fri May 12 13:25:43.197226 2023] [core:notice] [pid 15481:tid 140704573502656] AH00094: Command line: '/Users/alejandromartinez/Library/Application Support/Local/lightning-services/apache-2.4.43+8/bin/darwin/bin/httpd -D FOREGROUND -f /Users/alejandromartinez/Library/Application Support/Local/run/4aA0iO3Ff/conf/apache/apache2.conf'
[Fri May 12 13:26:03.297585 2023] [mpm_event:notice] [pid 15481:tid 140704573502656] AH00491: caught SIGTERM, shutting down
[Tue May 16 13:06:51.994449 2023] [mpm_event:notice] [pid 25262:tid 140704573502656] AH00489: Apache/2.4.43 (Unix) configured -- resuming normal operations
[Tue May 16 13:06:51.995186 2023] [core:notice] [pid 25262:tid 140704573502656] AH00094: Command line: '/Users/alejandromartinez/Library/Application Support/Local/lightning-services/apache-2.4.43+8/bin/darwin/bin/httpd -D FOREGROUND -f /Users/alejandromartinez/Library/Application Support/Local/run/4aA0iO3Ff/conf/apache/apache2.conf'
[Tue May 16 14:29:32.396186 2023] [mpm_event:notice] [pid 89045:tid 140704266581632] AH00489: Apache/2.4.43 (Unix) configured -- resuming normal operations
[Tue May 16 14:29:32.397979 2023] [core:notice] [pid 89045:tid 140704266581632] AH00094: Command line: '/Users/giannicastro/Library/Application Support/Local/lightning-services/apache-2.4.43+8/bin/darwin/bin/httpd -D FOREGROUND -f /Users/giannicastro/Library/Application Support/Local/run/mR0VsVovt/conf/apache/apache2.conf'
[Tue May 16 14:45:49.733356 2023] [mpm_event:notice] [pid 89045:tid 140704266581632] AH00491: caught SIGTERM, shutting down
[Tue May 16 14:45:51.158622 2023] [mpm_event:notice] [pid 89405:tid 140704266581632] AH00489: Apache/2.4.43 (Unix) configured -- resuming normal operations
[Tue May 16 14:45:51.159687 2023] [core:notice] [pid 89405:tid 140704266581632] AH00094: Command line: '/Users/giannicastro/Library/Application Support/Local/lightning-services/apache-2.4.43+8/bin/darwin/bin/httpd -D FOREGROUND -f /Users/giannicastro/Library/Application Support/Local/run/mR0VsVovt/conf/apache/apache2.conf'
[Tue May 16 14:48:55.901994 2023] [mpm_event:notice] [pid 89405:tid 140704266581632] AH00491: caught SIGTERM, shutting down
[Tue May 16 14:48:57.431155 2023] [mpm_event:notice] [pid 89522:tid 140704266581632] AH00489: Apache/2.4.43 (Unix) configured -- resuming normal operations
[Tue May 16 14:48:57.432420 2023] [core:notice] [pid 89522:tid 140704266581632] AH00094: Command line: '/Users/giannicastro/Library/Application Support/Local/lightning-services/apache-2.4.43+8/bin/darwin/bin/httpd -D FOREGROUND -f /Users/giannicastro/Library/Application Support/Local/run/mR0VsVovt/conf/apache/apache2.conf'
[Tue May 16 14:50:35.398857 2023] [mpm_event:notice] [pid 89522:tid 140704266581632] AH00491: caught SIGTERM, shutting down
[Tue May 16 14:50:36.602010 2023] [mpm_event:notice] [pid 89580:tid 140704266581632] AH00489: Apache/2.4.43 (Unix) configured -- resuming normal operations
[Tue May 16 14:50:36.603182 2023] [core:notice] [pid 89580:tid 140704266581632] AH00094: Command line: '/Users/giannicastro/Library/Application Support/Local/lightning-services/apache-2.4.43+8/bin/darwin/bin/httpd -D FOREGROUND -f /Users/giannicastro/Library/Application Support/Local/run/mR0VsVovt/conf/apache/apache2.conf'
[Tue May 16 14:51:17.337959 2023] [mpm_event:notice] [pid 89580:tid 140704266581632] AH00491: caught SIGTERM, shutting down
[Tue May 16 14:51:19.141994 2023] [mpm_event:notice] [pid 89623:tid 140704266581632] AH00489: Apache/2.4.43 (Unix) configured -- resuming normal operations
[Tue May 16 14:51:19.142754 2023] [core:notice] [pid 89623:tid 140704266581632] AH00094: Command line: '/Users/giannicastro/Library/Application Support/Local/lightning-services/apache-2.4.43+8/bin/darwin/bin/httpd -D FOREGROUND -f /Users/giannicastro/Library/Application Support/Local/run/mR0VsVovt/conf/apache/apache2.conf'
[Tue May 16 15:30:03.370288 2023] [mpm_event:notice] [pid 89623:tid 140704266581632] AH00491: caught SIGTERM, shutting down
[Tue May 16 15:30:04.772706 2023] [mpm_event:notice] [pid 90544:tid 140704266581632] AH00489: Apache/2.4.43 (Unix) configured -- resuming normal operations
[Tue May 16 15:30:04.773344 2023] [core:notice] [pid 90544:tid 140704266581632] AH00094: Command line: '/Users/giannicastro/Library/Application Support/Local/lightning-services/apache-2.4.43+8/bin/darwin/bin/httpd -D FOREGROUND -f /Users/giannicastro/Library/Application Support/Local/run/mR0VsVovt/conf/apache/apache2.conf'
[Tue May 16 15:30:35.510447 2023] [mpm_event:notice] [pid 90544:tid 140704266581632] AH00491: caught SIGTERM, shutting down
[Tue May 16 15:30:36.468115 2023] [mpm_event:notice] [pid 90582:tid 140704266581632] AH00489: Apache/2.4.43 (Unix) configured -- resuming normal operations
[Tue May 16 15:30:36.469436 2023] [core:notice] [pid 90582:tid 140704266581632] AH00094: Command line: '/Users/giannicastro/Library/Application Support/Local/lightning-services/apache-2.4.43+8/bin/darwin/bin/httpd -D FOREGROUND -f /Users/giannicastro/Library/Application Support/Local/run/mR0VsVovt/conf/apache/apache2.conf'
[Tue May 16 15:31:06.760292 2023] [mpm_event:notice] [pid 90582:tid 140704266581632] AH00491: caught SIGTERM, shutting down
[Tue May 16 15:31:08.378743 2023] [mpm_event:notice] [pid 90632:tid 140704266581632] AH00489: Apache/2.4.43 (Unix) configured -- resuming normal operations
[Tue May 16 15:31:08.381111 2023] [core:notice] [pid 90632:tid 140704266581632] AH00094: Command line: '/Users/giannicastro/Library/Application Support/Local/lightning-services/apache-2.4.43+8/bin/darwin/bin/httpd -D FOREGROUND -f /Users/giannicastro/Library/Application Support/Local/run/mR0VsVovt/conf/apache/apache2.conf'
[Tue May 16 15:31:54.623044 2023] [mpm_event:notice] [pid 90632:tid 140704266581632] AH00491: caught SIGTERM, shutting down
[Tue May 16 15:31:55.910448 2023] [mpm_event:notice] [pid 90676:tid 140704266581632] AH00489: Apache/2.4.43 (Unix) configured -- resuming normal operations
[Tue May 16 15:31:55.911631 2023] [core:notice] [pid 90676:tid 140704266581632] AH00094: Command line: '/Users/giannicastro/Library/Application Support/Local/lightning-services/apache-2.4.43+8/bin/darwin/bin/httpd -D FOREGROUND -f /Users/giannicastro/Library/Application Support/Local/run/mR0VsVovt/conf/apache/apache2.conf'
[Tue May 16 15:51:04.823397 2023] [mpm_event:notice] [pid 90676:tid 140704266581632] AH00491: caught SIGTERM, shutting down
[Tue May 16 15:51:06.638951 2023] [mpm_event:notice] [pid 91079:tid 140704266581632] AH00489: Apache/2.4.43 (Unix) configured -- resuming normal operations
[Tue May 16 15:51:06.642649 2023] [core:notice] [pid 91079:tid 140704266581632] AH00094: Command line: '/Users/giannicastro/Library/Application Support/Local/lightning-services/apache-2.4.43+8/bin/darwin/bin/httpd -D FOREGROUND -f /Users/giannicastro/Library/Application Support/Local/run/mR0VsVovt/conf/apache/apache2.conf'
[Tue May 16 15:54:32.760332 2023] [mpm_event:notice] [pid 91079:tid 140704266581632] AH00491: caught SIGTERM, shutting down
[Tue May 16 15:54:34.313456 2023] [mpm_event:notice] [pid 91195:tid 140704266581632] AH00489: Apache/2.4.43 (Unix) configured -- resuming normal operations
[Tue May 16 15:54:34.314325 2023] [core:notice] [pid 91195:tid 140704266581632] AH00094: Command line: '/Users/giannicastro/Library/Application Support/Local/lightning-services/apache-2.4.43+8/bin/darwin/bin/httpd -D FOREGROUND -f /Users/giannicastro/Library/Application Support/Local/run/mR0VsVovt/conf/apache/apache2.conf'
[Tue May 16 15:58:16.835689 2023] [mpm_event:notice] [pid 91195:tid 140704266581632] AH00491: caught SIGTERM, shutting down
[Tue May 16 15:58:17.904404 2023] [mpm_event:notice] [pid 91293:tid 140704266581632] AH00489: Apache/2.4.43 (Unix) configured -- resuming normal operations
[Tue May 16 15:58:17.905204 2023] [core:notice] [pid 91293:tid 140704266581632] AH00094: Command line: '/Users/giannicastro/Library/Application Support/Local/lightning-services/apache-2.4.43+8/bin/darwin/bin/httpd -D FOREGROUND -f /Users/giannicastro/Library/Application Support/Local/run/mR0VsVovt/conf/apache/apache2.conf'
[Tue May 16 16:04:02.831679 2023] [mpm_event:notice] [pid 91293:tid 140704266581632] AH00491: caught SIGTERM, shutting down
[Tue May 16 16:04:04.448874 2023] [mpm_event:notice] [pid 91517:tid 140704266581632] AH00489: Apache/2.4.43 (Unix) configured -- resuming normal operations
[Tue May 16 16:04:04.449810 2023] [core:notice] [pid 91517:tid 140704266581632] AH00094: Command line: '/Users/giannicastro/Library/Application Support/Local/lightning-services/apache-2.4.43+8/bin/darwin/bin/httpd -D FOREGROUND -f /Users/giannicastro/Library/Application Support/Local/run/mR0VsVovt/conf/apache/apache2.conf'
[Tue May 16 16:05:10.564398 2023] [mpm_event:notice] [pid 91517:tid 140704266581632] AH00491: caught SIGTERM, shutting down
[Tue May 16 16:05:11.552688 2023] [mpm_event:notice] [pid 91574:tid 140704266581632] AH00489: Apache/2.4.43 (Unix) configured -- resuming normal operations
[Tue May 16 16:05:11.553704 2023] [core:notice] [pid 91574:tid 140704266581632] AH00094: Command line: '/Users/giannicastro/Library/Application Support/Local/lightning-services/apache-2.4.43+8/bin/darwin/bin/httpd -D FOREGROUND -f /Users/giannicastro/Library/Application Support/Local/run/mR0VsVovt/conf/apache/apache2.conf'
[Tue May 16 16:08:32.682641 2023] [mpm_event:notice] [pid 91574:tid 140704266581632] AH00491: caught SIGTERM, shutting down
[Tue May 16 16:08:34.011095 2023] [mpm_event:notice] [pid 91660:tid 140704266581632] AH00489: Apache/2.4.43 (Unix) configured -- resuming normal operations
[Tue May 16 16:08:34.011793 2023] [core:notice] [pid 91660:tid 140704266581632] AH00094: Command line: '/Users/giannicastro/Library/Application Support/Local/lightning-services/apache-2.4.43+8/bin/darwin/bin/httpd -D FOREGROUND -f /Users/giannicastro/Library/Application Support/Local/run/mR0VsVovt/conf/apache/apache2.conf'
[Tue May 16 16:12:03.722897 2023] [mpm_event:notice] [pid 91660:tid 140704266581632] AH00491: caught SIGTERM, shutting down
[Tue May 16 16:12:05.230044 2023] [mpm_event:notice] [pid 91763:tid 140704266581632] AH00489: Apache/2.4.43 (Unix) configured -- resuming normal operations
[Tue May 16 16:12:05.231150 2023] [core:notice] [pid 91763:tid 140704266581632] AH00094: Command line: '/Users/giannicastro/Library/Application Support/Local/lightning-services/apache-2.4.43+8/bin/darwin/bin/httpd -D FOREGROUND -f /Users/giannicastro/Library/Application Support/Local/run/mR0VsVovt/conf/apache/apache2.conf'
[Tue May 16 16:13:12.551113 2023] [mpm_event:notice] [pid 91763:tid 140704266581632] AH00491: caught SIGTERM, shutting down
[Tue May 16 16:13:14.032271 2023] [mpm_event:notice] [pid 91818:tid 140704266581632] AH00489: Apache/2.4.43 (Unix) configured -- resuming normal operations
[Tue May 16 16:13:14.033222 2023] [core:notice] [pid 91818:tid 140704266581632] AH00094: Command line: '/Users/giannicastro/Library/Application Support/Local/lightning-services/apache-2.4.43+8/bin/darwin/bin/httpd -D FOREGROUND -f /Users/giannicastro/Library/Application Support/Local/run/mR0VsVovt/conf/apache/apache2.conf'
[Tue May 16 16:18:25.431699 2023] [mpm_event:notice] [pid 91818:tid 140704266581632] AH00491: caught SIGTERM, shutting down
[Tue May 16 16:18:26.533158 2023] [mpm_event:notice] [pid 91945:tid 140704266581632] AH00489: Apache/2.4.43 (Unix) configured -- resuming normal operations
[Tue May 16 16:18:26.533855 2023] [core:notice] [pid 91945:tid 140704266581632] AH00094: Command line: '/Users/giannicastro/Library/Application Support/Local/lightning-services/apache-2.4.43+8/bin/darwin/bin/httpd -D FOREGROUND -f /Users/giannicastro/Library/Application Support/Local/run/mR0VsVovt/conf/apache/apache2.conf'
[Tue May 16 16:22:45.201609 2023] [mpm_event:notice] [pid 91945:tid 140704266581632] AH00491: caught SIGTERM, shutting down
[Tue May 16 16:22:46.871989 2023] [mpm_event:notice] [pid 92059:tid 140704266581632] AH00489: Apache/2.4.43 (Unix) configured -- resuming normal operations
[Tue May 16 16:22:46.873450 2023] [core:notice] [pid 92059:tid 140704266581632] AH00094: Command line: '/Users/giannicastro/Library/Application Support/Local/lightning-services/apache-2.4.43+8/bin/darwin/bin/httpd -D FOREGROUND -f /Users/giannicastro/Library/Application Support/Local/run/mR0VsVovt/conf/apache/apache2.conf'
[Tue May 16 17:48:07.790556 2023] [mpm_event:notice] [pid 92059:tid 140704266581632] AH00491: caught SIGTERM, shutting down
AH00558: httpd: Could not reliably determine the server's fully qualified domain name, using Giannis-MacBook-Pro.local. Set the 'ServerName' directive globally to suppress this message
[Tue May 16 17:48:09.218092 2023] [mpm_event:notice] [pid 92729:tid 140704266581632] AH00489: Apache/2.4.43 (Unix) configured -- resuming normal operations
[Tue May 16 17:48:09.221256 2023] [core:notice] [pid 92729:tid 140704266581632] AH00094: Command line: '/Users/giannicastro/Library/Application Support/Local/lightning-services/apache-2.4.43+8/bin/darwin/bin/httpd -D FOREGROUND -f /Users/giannicastro/Library/Application Support/Local/run/mR0VsVovt/conf/apache/apache2.conf'
[Tue May 16 17:49:41.564259 2023] [mpm_event:notice] [pid 92729:tid 140704266581632] AH00491: caught SIGTERM, shutting down
AH00558: httpd: Could not reliably determine the server's fully qualified domain name, using Giannis-MacBook-Pro.local. Set the 'ServerName' directive globally to suppress this message
[Tue May 16 17:49:42.653883 2023] [mpm_event:notice] [pid 92781:tid 140704266581632] AH00489: Apache/2.4.43 (Unix) configured -- resuming normal operations
[Tue May 16 17:49:42.655246 2023] [core:notice] [pid 92781:tid 140704266581632] AH00094: Command line: '/Users/giannicastro/Library/Application Support/Local/lightning-services/apache-2.4.43+8/bin/darwin/bin/httpd -D FOREGROUND -f /Users/giannicastro/Library/Application Support/Local/run/mR0VsVovt/conf/apache/apache2.conf'
[Tue May 16 17:50:36.670866 2023] [mpm_event:notice] [pid 92781:tid 140704266581632] AH00491: caught SIGTERM, shutting down
AH00558: httpd: Could not reliably determine the server's fully qualified domain name, using Giannis-MacBook-Pro.local. Set the 'ServerName' directive globally to suppress this message
[Tue May 16 17:50:37.655095 2023] [mpm_event:notice] [pid 92844:tid 140704266581632] AH00489: Apache/2.4.43 (Unix) configured -- resuming normal operations
[Tue May 16 17:50:37.656055 2023] [core:notice] [pid 92844:tid 140704266581632] AH00094: Command line: '/Users/giannicastro/Library/Application Support/Local/lightning-services/apache-2.4.43+8/bin/darwin/bin/httpd -D FOREGROUND -f /Users/giannicastro/Library/Application Support/Local/run/mR0VsVovt/conf/apache/apache2.conf'
[Tue May 16 17:51:09.296240 2023] [mpm_event:notice] [pid 92844:tid 140704266581632] AH00491: caught SIGTERM, shutting down
AH00558: httpd: Could not reliably determine the server's fully qualified domain name, using Giannis-MacBook-Pro.local. Set the 'ServerName' directive globally to suppress this message
[Tue May 16 17:51:10.544410 2023] [mpm_event:notice] [pid 92883:tid 140704266581632] AH00489: Apache/2.4.43 (Unix) configured -- resuming normal operations
[Tue May 16 17:51:10.545043 2023] [core:notice] [pid 92883:tid 140704266581632] AH00094: Command line: '/Users/giannicastro/Library/Application Support/Local/lightning-services/apache-2.4.43+8/bin/darwin/bin/httpd -D FOREGROUND -f /Users/giannicastro/Library/Application Support/Local/run/mR0VsVovt/conf/apache/apache2.conf'
[Tue May 16 17:51:32.433884 2023] [mpm_event:notice] [pid 92883:tid 140704266581632] AH00491: caught SIGTERM, shutting down
AH00558: httpd: Could not reliably determine the server's fully qualified domain name, using Giannis-MacBook-Pro.local. Set the 'ServerName' directive globally to suppress this message
[Tue May 16 17:51:33.386354 2023] [mpm_event:notice] [pid 92919:tid 140704266581632] AH00489: Apache/2.4.43 (Unix) configured -- resuming normal operations
[Tue May 16 17:51:33.387193 2023] [core:notice] [pid 92919:tid 140704266581632] AH00094: Command line: '/Users/giannicastro/Library/Application Support/Local/lightning-services/apache-2.4.43+8/bin/darwin/bin/httpd -D FOREGROUND -f /Users/giannicastro/Library/Application Support/Local/run/mR0VsVovt/conf/apache/apache2.conf'
[Tue May 16 17:52:07.714382 2023] [mpm_event:notice] [pid 92919:tid 140704266581632] AH00491: caught SIGTERM, shutting down
AH00558: httpd: Could not reliably determine the server's fully qualified domain name, using Giannis-MacBook-Pro.local. Set the 'ServerName' directive globally to suppress this message
[Tue May 16 17:52:09.284755 2023] [mpm_event:notice] [pid 92956:tid 140704266581632] AH00489: Apache/2.4.43 (Unix) configured -- resuming normal operations
[Tue May 16 17:52:09.285429 2023] [core:notice] [pid 92956:tid 140704266581632] AH00094: Command line: '/Users/giannicastro/Library/Application Support/Local/lightning-services/apache-2.4.43+8/bin/darwin/bin/httpd -D FOREGROUND -f /Users/giannicastro/Library/Application Support/Local/run/mR0VsVovt/conf/apache/apache2.conf'
[Tue May 16 18:09:37.640926 2023] [mpm_event:notice] [pid 92956:tid 140704266581632] AH00491: caught SIGTERM, shutting down
AH00558: httpd: Could not reliably determine the server's fully qualified domain name, using Giannis-MacBook-Pro.local. Set the 'ServerName' directive globally to suppress this message
[Tue May 16 18:09:38.651000 2023] [mpm_event:notice] [pid 93345:tid 140704266581632] AH00489: Apache/2.4.43 (Unix) configured -- resuming normal operations
[Tue May 16 18:09:38.652271 2023] [core:notice] [pid 93345:tid 140704266581632] AH00094: Command line: '/Users/giannicastro/Library/Application Support/Local/lightning-services/apache-2.4.43+8/bin/darwin/bin/httpd -D FOREGROUND -f /Users/giannicastro/Library/Application Support/Local/run/mR0VsVovt/conf/apache/apache2.conf'
[Tue May 16 18:14:21.014971 2023] [mpm_event:notice] [pid 93345:tid 140704266581632] AH00491: caught SIGTERM, shutting down
AH00558: httpd: Could not reliably determine the server's fully qualified domain name, using Giannis-MacBook-Pro.local. Set the 'ServerName' directive globally to suppress this message
[Tue May 16 18:14:22.076053 2023] [mpm_event:notice] [pid 93460:tid 140704266581632] AH00489: Apache/2.4.43 (Unix) configured -- resuming normal operations
[Tue May 16 18:14:22.077755 2023] [core:notice] [pid 93460:tid 140704266581632] AH00094: Command line: '/Users/giannicastro/Library/Application Support/Local/lightning-services/apache-2.4.43+8/bin/darwin/bin/httpd -D FOREGROUND -f /Users/giannicastro/Library/Application Support/Local/run/mR0VsVovt/conf/apache/apache2.conf'
[Tue May 16 20:31:07.794061 2023] [mpm_event:notice] [pid 93460:tid 140704266581632] AH00491: caught SIGTERM, shutting down
AH00558: httpd: Could not reliably determine the server's fully qualified domain name, using Giannis-MacBook-Pro.local. Set the 'ServerName' directive globally to suppress this message
[Tue May 16 20:31:08.891453 2023] [mpm_event:notice] [pid 94953:tid 140704266581632] AH00489: Apache/2.4.43 (Unix) configured -- resuming normal operations
[Tue May 16 20:31:08.893282 2023] [core:notice] [pid 94953:tid 140704266581632] AH00094: Command line: '/Users/giannicastro/Library/Application Support/Local/lightning-services/apache-2.4.43+8/bin/darwin/bin/httpd -D FOREGROUND -f /Users/giannicastro/Library/Application Support/Local/run/mR0VsVovt/conf/apache/apache2.conf'
[Tue May 16 20:35:54.151566 2023] [mpm_event:notice] [pid 94953:tid 140704266581632] AH00491: caught SIGTERM, shutting down
AH00558: httpd: Could not reliably determine the server's fully qualified domain name, using Giannis-MacBook-Pro.local. Set the 'ServerName' directive globally to suppress this message
[Tue May 16 20:35:55.513180 2023] [mpm_event:notice] [pid 95087:tid 140704266581632] AH00489: Apache/2.4.43 (Unix) configured -- resuming normal operations
[Tue May 16 20:35:55.513912 2023] [core:notice] [pid 95087:tid 140704266581632] AH00094: Command line: '/Users/giannicastro/Library/Application Support/Local/lightning-services/apache-2.4.43+8/bin/darwin/bin/httpd -D FOREGROUND -f /Users/giannicastro/Library/Application Support/Local/run/mR0VsVovt/conf/apache/apache2.conf'
[Tue May 16 20:42:51.036264 2023] [mpm_event:notice] [pid 95087:tid 140704266581632] AH00491: caught SIGTERM, shutting down
AH00558: httpd: Could not reliably determine the server's fully qualified domain name, using Giannis-MacBook-Pro.local. Set the 'ServerName' directive globally to suppress this message
[Tue May 16 20:42:52.376281 2023] [mpm_event:notice] [pid 95266:tid 140704266581632] AH00489: Apache/2.4.43 (Unix) configured -- resuming normal operations
[Tue May 16 20:42:52.377281 2023] [core:notice] [pid 95266:tid 140704266581632] AH00094: Command line: '/Users/giannicastro/Library/Application Support/Local/lightning-services/apache-2.4.43+8/bin/darwin/bin/httpd -D FOREGROUND -f /Users/giannicastro/Library/Application Support/Local/run/mR0VsVovt/conf/apache/apache2.conf'
[Tue May 16 20:43:37.619415 2023] [mpm_event:notice] [pid 95266:tid 140704266581632] AH00491: caught SIGTERM, shutting down
AH00558: httpd: Could not reliably determine the server's fully qualified domain name, using Giannis-MacBook-Pro.local. Set the 'ServerName' directive globally to suppress this message
[Tue May 16 20:43:39.014561 2023] [mpm_event:notice] [pid 95333:tid 140704266581632] AH00489: Apache/2.4.43 (Unix) configured -- resuming normal operations
[Tue May 16 20:43:39.015547 2023] [core:notice] [pid 95333:tid 140704266581632] AH00094: Command line: '/Users/giannicastro/Library/Application Support/Local/lightning-services/apache-2.4.43+8/bin/darwin/bin/httpd -D FOREGROUND -f /Users/giannicastro/Library/Application Support/Local/run/mR0VsVovt/conf/apache/apache2.conf'
[Tue May 16 20:49:47.302303 2023] [mpm_event:notice] [pid 95333:tid 140704266581632] AH00491: caught SIGTERM, shutting down
AH00558: httpd: Could not reliably determine the server's fully qualified domain name, using Giannis-MacBook-Pro.local. Set the 'ServerName' directive globally to suppress this message
[Tue May 16 20:49:48.490121 2023] [mpm_event:notice] [pid 95488:tid 140704266581632] AH00489: Apache/2.4.43 (Unix) configured -- resuming normal operations
[Tue May 16 20:49:48.491332 2023] [core:notice] [pid 95488:tid 140704266581632] AH00094: Command line: '/Users/giannicastro/Library/Application Support/Local/lightning-services/apache-2.4.43+8/bin/darwin/bin/httpd -D FOREGROUND -f /Users/giannicastro/Library/Application Support/Local/run/mR0VsVovt/conf/apache/apache2.conf'
[Tue May 16 20:57:42.588747 2023] [mpm_event:notice] [pid 95488:tid 140704266581632] AH00491: caught SIGTERM, shutting down
AH00558: httpd: Could not reliably determine the server's fully qualified domain name, using Giannis-MacBook-Pro.local. Set the 'ServerName' directive globally to suppress this message
[Tue May 16 20:57:44.477501 2023] [mpm_event:notice] [pid 95682:tid 140704266581632] AH00489: Apache/2.4.43 (Unix) configured -- resuming normal operations
[Tue May 16 20:57:44.478322 2023] [core:notice] [pid 95682:tid 140704266581632] AH00094: Command line: '/Users/giannicastro/Library/Application Support/Local/lightning-services/apache-2.4.43+8/bin/darwin/bin/httpd -D FOREGROUND -f /Users/giannicastro/Library/Application Support/Local/run/mR0VsVovt/conf/apache/apache2.conf'
[Tue May 16 21:07:47.658980 2023] [mpm_event:notice] [pid 95682:tid 140704266581632] AH00491: caught SIGTERM, shutting down
AH00558: httpd: Could not reliably determine the server's fully qualified domain name, using Giannis-MacBook-Pro.local. Set the 'ServerName' directive globally to suppress this message
[Tue May 16 21:07:48.855369 2023] [mpm_event:notice] [pid 95919:tid 140704266581632] AH00489: Apache/2.4.43 (Unix) configured -- resuming normal operations
[Tue May 16 21:07:48.855969 2023] [core:notice] [pid 95919:tid 140704266581632] AH00094: Command line: '/Users/giannicastro/Library/Application Support/Local/lightning-services/apache-2.4.43+8/bin/darwin/bin/httpd -D FOREGROUND -f /Users/giannicastro/Library/Application Support/Local/run/mR0VsVovt/conf/apache/apache2.conf'
[Tue May 16 21:08:44.892206 2023] [mpm_event:notice] [pid 95919:tid 140704266581632] AH00491: caught SIGTERM, shutting down
AH00558: httpd: Could not reliably determine the server's fully qualified domain name, using Giannis-MacBook-Pro.local. Set the 'ServerName' directive globally to suppress this message
[Tue May 16 21:08:46.486548 2023] [mpm_event:notice] [pid 95965:tid 140704266581632] AH00489: Apache/2.4.43 (Unix) configured -- resuming normal operations
[Tue May 16 21:08:46.487475 2023] [core:notice] [pid 95965:tid 140704266581632] AH00094: Command line: '/Users/giannicastro/Library/Application Support/Local/lightning-services/apache-2.4.43+8/bin/darwin/bin/httpd -D FOREGROUND -f /Users/giannicastro/Library/Application Support/Local/run/mR0VsVovt/conf/apache/apache2.conf'
[Tue May 16 21:10:55.155134 2023] [mpm_event:notice] [pid 95965:tid 140704266581632] AH00491: caught SIGTERM, shutting down
AH00558: httpd: Could not reliably determine the server's fully qualified domain name, using Giannis-MacBook-Pro.local. Set the 'ServerName' directive globally to suppress this message
[Tue May 16 21:10:56.837014 2023] [mpm_event:notice] [pid 96049:tid 140704266581632] AH00489: Apache/2.4.43 (Unix) configured -- resuming normal operations
[Tue May 16 21:10:56.837621 2023] [core:notice] [pid 96049:tid 140704266581632] AH00094: Command line: '/Users/giannicastro/Library/Application Support/Local/lightning-services/apache-2.4.43+8/bin/darwin/bin/httpd -D FOREGROUND -f /Users/giannicastro/Library/Application Support/Local/run/mR0VsVovt/conf/apache/apache2.conf'
[Tue May 16 21:11:28.507879 2023] [mpm_event:notice] [pid 96049:tid 140704266581632] AH00491: caught SIGTERM, shutting down
AH00558: httpd: Could not reliably determine the server's fully qualified domain name, using Giannis-MacBook-Pro.local. Set the 'ServerName' directive globally to suppress this message
[Tue May 16 21:11:29.597546 2023] [mpm_event:notice] [pid 96088:tid 140704266581632] AH00489: Apache/2.4.43 (Unix) configured -- resuming normal operations
[Tue May 16 21:11:29.601488 2023] [core:notice] [pid 96088:tid 140704266581632] AH00094: Command line: '/Users/giannicastro/Library/Application Support/Local/lightning-services/apache-2.4.43+8/bin/darwin/bin/httpd -D FOREGROUND -f /Users/giannicastro/Library/Application Support/Local/run/mR0VsVovt/conf/apache/apache2.conf'
[Tue May 16 21:15:09.212429 2023] [mpm_event:notice] [pid 96088:tid 140704266581632] AH00491: caught SIGTERM, shutting down
AH00558: httpd: Could not reliably determine the server's fully qualified domain name, using 192.168.1.10. Set the 'ServerName' directive globally to suppress this message
[Tue May 16 21:15:10.198525 2023] [mpm_event:notice] [pid 96199:tid 140704266581632] AH00489: Apache/2.4.43 (Unix) configured -- resuming normal operations
[Tue May 16 21:15:10.199290 2023] [core:notice] [pid 96199:tid 140704266581632] AH00094: Command line: '/Users/giannicastro/Library/Application Support/Local/lightning-services/apache-2.4.43+8/bin/darwin/bin/httpd -D FOREGROUND -f /Users/giannicastro/Library/Application Support/Local/run/mR0VsVovt/conf/apache/apache2.conf'
[Tue May 16 21:17:55.543725 2023] [mpm_event:notice] [pid 96199:tid 140704266581632] AH00491: caught SIGTERM, shutting down
AH00558: httpd: Could not reliably determine the server's fully qualified domain name, using Giannis-MacBook-Pro.local. Set the 'ServerName' directive globally to suppress this message
[Tue May 16 21:17:57.347480 2023] [mpm_event:notice] [pid 96306:tid 140704266581632] AH00489: Apache/2.4.43 (Unix) configured -- resuming normal operations
[Tue May 16 21:17:57.348076 2023] [core:notice] [pid 96306:tid 140704266581632] AH00094: Command line: '/Users/giannicastro/Library/Application Support/Local/lightning-services/apache-2.4.43+8/bin/darwin/bin/httpd -D FOREGROUND -f /Users/giannicastro/Library/Application Support/Local/run/mR0VsVovt/conf/apache/apache2.conf'
[Tue May 16 21:34:11.562066 2023] [mpm_event:notice] [pid 96306:tid 140704266581632] AH00491: caught SIGTERM, shutting down
AH00558: httpd: Could not reliably determine the server's fully qualified domain name, using Giannis-MacBook-Pro.local. Set the 'ServerName' directive globally to suppress this message
[Tue May 16 21:34:12.736478 2023] [mpm_event:notice] [pid 96730:tid 140704266581632] AH00489: Apache/2.4.43 (Unix) configured -- resuming normal operations
[Tue May 16 21:34:12.737341 2023] [core:notice] [pid 96730:tid 140704266581632] AH00094: Command line: '/Users/giannicastro/Library/Application Support/Local/lightning-services/apache-2.4.43+8/bin/darwin/bin/httpd -D FOREGROUND -f /Users/giannicastro/Library/Application Support/Local/run/mR0VsVovt/conf/apache/apache2.conf'
[Tue May 16 21:51:01.795462 2023] [mpm_event:notice] [pid 96730:tid 140704266581632] AH00491: caught SIGTERM, shutting down
AH00558: httpd: Could not reliably determine the server's fully qualified domain name, using Giannis-MacBook-Pro.local. Set the 'ServerName' directive globally to suppress this message
[Tue May 16 21:51:03.311942 2023] [mpm_event:notice] [pid 97079:tid 140704266581632] AH00489: Apache/2.4.43 (Unix) configured -- resuming normal operations
[Tue May 16 21:51:03.313370 2023] [core:notice] [pid 97079:tid 140704266581632] AH00094: Command line: '/Users/giannicastro/Library/Application Support/Local/lightning-services/apache-2.4.43+8/bin/darwin/bin/httpd -D FOREGROUND -f /Users/giannicastro/Library/Application Support/Local/run/mR0VsVovt/conf/apache/apache2.conf'
[Tue May 16 21:56:35.997255 2023] [mpm_event:notice] [pid 97079:tid 140704266581632] AH00491: caught SIGTERM, shutting down
AH00558: httpd: Could not reliably determine the server's fully qualified domain name, using Giannis-MacBook-Pro.local. Set the 'ServerName' directive globally to suppress this message
[Tue May 16 21:56:37.330795 2023] [mpm_event:notice] [pid 97239:tid 140704266581632] AH00489: Apache/2.4.43 (Unix) configured -- resuming normal operations
[Tue May 16 21:56:37.331501 2023] [core:notice] [pid 97239:tid 140704266581632] AH00094: Command line: '/Users/giannicastro/Library/Application Support/Local/lightning-services/apache-2.4.43+8/bin/darwin/bin/httpd -D FOREGROUND -f /Users/giannicastro/Library/Application Support/Local/run/mR0VsVovt/conf/apache/apache2.conf'
[Tue May 16 21:58:59.442984 2023] [mpm_event:notice] [pid 97239:tid 140704266581632] AH00491: caught SIGTERM, shutting down
AH00558: httpd: Could not reliably determine the server's fully qualified domain name, using Giannis-MacBook-Pro.local. Set the 'ServerName' directive globally to suppress this message
[Tue May 16 21:59:01.120867 2023] [mpm_event:notice] [pid 97308:tid 140704266581632] AH00489: Apache/2.4.43 (Unix) configured -- resuming normal operations
[Tue May 16 21:59:01.121876 2023] [core:notice] [pid 97308:tid 140704266581632] AH00094: Command line: '/Users/giannicastro/Library/Application Support/Local/lightning-services/apache-2.4.43+8/bin/darwin/bin/httpd -D FOREGROUND -f /Users/giannicastro/Library/Application Support/Local/run/mR0VsVovt/conf/apache/apache2.conf'
[Tue May 16 22:07:25.705327 2023] [mpm_event:notice] [pid 97308:tid 140704266581632] AH00491: caught SIGTERM, shutting down
AH00558: httpd: Could not reliably determine the server's fully qualified domain name, using Giannis-MacBook-Pro.local. Set the 'ServerName' directive globally to suppress this message
[Tue May 16 22:07:27.454883 2023] [mpm_event:notice] [pid 97498:tid 140704266581632] AH00489: Apache/2.4.43 (Unix) configured -- resuming normal operations
[Tue May 16 22:07:27.456007 2023] [core:notice] [pid 97498:tid 140704266581632] AH00094: Command line: '/Users/giannicastro/Library/Application Support/Local/lightning-services/apache-2.4.43+8/bin/darwin/bin/httpd -D FOREGROUND -f /Users/giannicastro/Library/Application Support/Local/run/mR0VsVovt/conf/apache/apache2.conf'
[Tue May 16 22:09:38.268572 2023] [mpm_event:notice] [pid 97498:tid 140704266581632] AH00491: caught SIGTERM, shutting down
AH00558: httpd: Could not reliably determine the server's fully qualified domain name, using Giannis-MacBook-Pro.local. Set the 'ServerName' directive globally to suppress this message
[Tue May 16 22:09:39.617181 2023] [mpm_event:notice] [pid 97556:tid 140704266581632] AH00489: Apache/2.4.43 (Unix) configured -- resuming normal operations
[Tue May 16 22:09:39.621377 2023] [core:notice] [pid 97556:tid 140704266581632] AH00094: Command line: '/Users/giannicastro/Library/Application Support/Local/lightning-services/apache-2.4.43+8/bin/darwin/bin/httpd -D FOREGROUND -f /Users/giannicastro/Library/Application Support/Local/run/mR0VsVovt/conf/apache/apache2.conf'
[Tue May 16 22:12:36.542731 2023] [mpm_event:notice] [pid 97556:tid 140704266581632] AH00491: caught SIGTERM, shutting down
AH00558: httpd: Could not reliably determine the server's fully qualified domain name, using Giannis-MacBook-Pro.local. Set the 'ServerName' directive globally to suppress this message
[Tue May 16 22:12:37.888614 2023] [mpm_event:notice] [pid 97644:tid 140704266581632] AH00489: Apache/2.4.43 (Unix) configured -- resuming normal operations
[Tue May 16 22:12:37.889212 2023] [core:notice] [pid 97644:tid 140704266581632] AH00094: Command line: '/Users/giannicastro/Library/Application Support/Local/lightning-services/apache-2.4.43+8/bin/darwin/bin/httpd -D FOREGROUND -f /Users/giannicastro/Library/Application Support/Local/run/mR0VsVovt/conf/apache/apache2.conf'
[Tue May 16 22:22:12.761704 2023] [mpm_event:notice] [pid 97644:tid 140704266581632] AH00491: caught SIGTERM, shutting down
AH00558: httpd: Could not reliably determine the server's fully qualified domain name, using Giannis-MacBook-Pro.local. Set the 'ServerName' directive globally to suppress this message
[Tue May 16 22:22:14.402134 2023] [mpm_event:notice] [pid 97858:tid 140704266581632] AH00489: Apache/2.4.43 (Unix) configured -- resuming normal operations
[Tue May 16 22:22:14.402748 2023] [core:notice] [pid 97858:tid 140704266581632] AH00094: Command line: '/Users/giannicastro/Library/Application Support/Local/lightning-services/apache-2.4.43+8/bin/darwin/bin/httpd -D FOREGROUND -f /Users/giannicastro/Library/Application Support/Local/run/mR0VsVovt/conf/apache/apache2.conf'
[Tue May 16 22:23:22.529950 2023] [mpm_event:notice] [pid 97858:tid 140704266581632] AH00491: caught SIGTERM, shutting down
AH00558: httpd: Could not reliably determine the server's fully qualified domain name, using Giannis-MacBook-Pro.local. Set the 'ServerName' directive globally to suppress this message
[Tue May 16 22:23:23.640307 2023] [mpm_event:notice] [pid 97948:tid 140704266581632] AH00489: Apache/2.4.43 (Unix) configured -- resuming normal operations
[Tue May 16 22:23:23.641500 2023] [core:notice] [pid 97948:tid 140704266581632] AH00094: Command line: '/Users/giannicastro/Library/Application Support/Local/lightning-services/apache-2.4.43+8/bin/darwin/bin/httpd -D FOREGROUND -f /Users/giannicastro/Library/Application Support/Local/run/mR0VsVovt/conf/apache/apache2.conf'
[Tue May 16 22:27:08.720253 2023] [mpm_event:notice] [pid 97948:tid 140704266581632] AH00491: caught SIGTERM, shutting down
AH00558: httpd: Could not reliably determine the server's fully qualified domain name, using Giannis-MacBook-Pro.local. Set the 'ServerName' directive globally to suppress this message
[Tue May 16 22:27:10.067203 2023] [mpm_event:notice] [pid 98092:tid 140704266581632] AH00489: Apache/2.4.43 (Unix) configured -- resuming normal operations
[Tue May 16 22:27:10.067843 2023] [core:notice] [pid 98092:tid 140704266581632] AH00094: Command line: '/Users/giannicastro/Library/Application Support/Local/lightning-services/apache-2.4.43+8/bin/darwin/bin/httpd -D FOREGROUND -f /Users/giannicastro/Library/Application Support/Local/run/mR0VsVovt/conf/apache/apache2.conf'
[Tue May 16 22:32:54.544323 2023] [mpm_event:notice] [pid 98092:tid 140704266581632] AH00491: caught SIGTERM, shutting down
AH00558: httpd: Could not reliably determine the server's fully qualified domain name, using Giannis-MacBook-Pro.local. Set the 'ServerName' directive globally to suppress this message
[Tue May 16 22:32:56.330971 2023] [mpm_event:notice] [pid 98220:tid 140704266581632] AH00489: Apache/2.4.43 (Unix) configured -- resuming normal operations
[Tue May 16 22:32:56.331676 2023] [core:notice] [pid 98220:tid 140704266581632] AH00094: Command line: '/Users/giannicastro/Library/Application Support/Local/lightning-services/apache-2.4.43+8/bin/darwin/bin/httpd -D FOREGROUND -f /Users/giannicastro/Library/Application Support/Local/run/mR0VsVovt/conf/apache/apache2.conf'
[Tue May 16 22:36:19.440778 2023] [mpm_event:notice] [pid 98220:tid 140704266581632] AH00491: caught SIGTERM, shutting down
AH00558: httpd: Could not reliably determine the server's fully qualified domain name, using Giannis-MacBook-Pro.local. Set the 'ServerName' directive globally to suppress this message
[Tue May 16 22:36:20.935809 2023] [mpm_event:notice] [pid 98315:tid 140704266581632] AH00489: Apache/2.4.43 (Unix) configured -- resuming normal operations
[Tue May 16 22:36:20.936584 2023] [core:notice] [pid 98315:tid 140704266581632] AH00094: Command line: '/Users/giannicastro/Library/Application Support/Local/lightning-services/apache-2.4.43+8/bin/darwin/bin/httpd -D FOREGROUND -f /Users/giannicastro/Library/Application Support/Local/run/mR0VsVovt/conf/apache/apache2.conf'
[Tue May 16 22:38:23.759396 2023] [mpm_event:notice] [pid 98315:tid 140704266581632] AH00491: caught SIGTERM, shutting down
AH00558: httpd: Could not reliably determine the server's fully qualified domain name, using Giannis-MacBook-Pro.local. Set the 'ServerName' directive globally to suppress this message
[Tue May 16 22:38:25.999231 2023] [mpm_event:notice] [pid 98381:tid 140704266581632] AH00489: Apache/2.4.43 (Unix) configured -- resuming normal operations
[Tue May 16 22:38:26.000342 2023] [core:notice] [pid 98381:tid 140704266581632] AH00094: Command line: '/Users/giannicastro/Library/Application Support/Local/lightning-services/apache-2.4.43+8/bin/darwin/bin/httpd -D FOREGROUND -f /Users/giannicastro/Library/Application Support/Local/run/mR0VsVovt/conf/apache/apache2.conf'
[Tue May 16 22:39:44.895959 2023] [mpm_event:notice] [pid 98381:tid 140704266581632] AH00491: caught SIGTERM, shutting down
AH00558: httpd: Could not reliably determine the server's fully qualified domain name, using Giannis-MacBook-Pro.local. Set the 'ServerName' directive globally to suppress this message
[Tue May 16 22:39:46.055922 2023] [mpm_event:notice] [pid 98432:tid 140704266581632] AH00489: Apache/2.4.43 (Unix) configured -- resuming normal operations
[Tue May 16 22:39:46.056644 2023] [core:notice] [pid 98432:tid 140704266581632] AH00094: Command line: '/Users/giannicastro/Library/Application Support/Local/lightning-services/apache-2.4.43+8/bin/darwin/bin/httpd -D FOREGROUND -f /Users/giannicastro/Library/Application Support/Local/run/mR0VsVovt/conf/apache/apache2.conf'
AH00558: httpd: Could not reliably determine the server's fully qualified domain name, using Giannis-MacBook-Pro.local. Set the 'ServerName' directive globally to suppress this message
[Wed May 17 20:54:40.107744 2023] [mpm_event:notice] [pid 3160:tid 140704266581632] AH00489: Apache/2.4.43 (Unix) configured -- resuming normal operations
[Wed May 17 20:54:40.108426 2023] [core:notice] [pid 3160:tid 140704266581632] AH00094: Command line: '/Users/giannicastro/Library/Application Support/Local/lightning-services/apache-2.4.43+8/bin/darwin/bin/httpd -D FOREGROUND -f /Users/giannicastro/Library/Application Support/Local/run/MNhZSTgLM/conf/apache/apache2.conf'
[Wed May 17 23:16:12.786176 2023] [mpm_event:notice] [pid 3160:tid 140704266581632] AH00491: caught SIGTERM, shutting down
AH00558: httpd: Could not reliably determine the server's fully qualified domain name, using Giannis-MacBook-Pro.local. Set the 'ServerName' directive globally to suppress this message
[Wed May 17 23:27:45.661699 2023] [mpm_event:notice] [pid 6708:tid 140704266581632] AH00489: Apache/2.4.43 (Unix) configured -- resuming normal operations
[Wed May 17 23:27:45.662513 2023] [core:notice] [pid 6708:tid 140704266581632] AH00094: Command line: '/Users/giannicastro/Library/Application Support/Local/lightning-services/apache-2.4.43+8/bin/darwin/bin/httpd -D FOREGROUND -f /Users/giannicastro/Library/Application Support/Local/run/MNhZSTgLM/conf/apache/apache2.conf'
[Wed May 17 23:43:19.427188 2023] [mpm_event:notice] [pid 6708:tid 140704266581632] AH00491: caught SIGTERM, shutting down
AH00558: httpd: Could not reliably determine the server's fully qualified domain name, using Giannis-MacBook-Pro.local. Set the 'ServerName' directive globally to suppress this message
[Fri May 19 17:01:28.996684 2023] [mpm_event:notice] [pid 3564:tid 140704405284480] AH00489: Apache/2.4.43 (Unix) configured -- resuming normal operations
[Fri May 19 17:01:28.997363 2023] [core:notice] [pid 3564:tid 140704405284480] AH00094: Command line: '/Users/giannicastro/Library/Application Support/Local/lightning-services/apache-2.4.43+8/bin/darwin/bin/httpd -D FOREGROUND -f /Users/giannicastro/Library/Application Support/Local/run/MNhZSTgLM/conf/apache/apache2.conf'
[Fri May 19 18:18:01.159707 2023] [mpm_event:notice] [pid 3564:tid 140704405284480] AH00491: caught SIGTERM, shutting down
